2025-12-10 15:17:53,376 - INFO - 📝 Logging initialized: logs/AI_OLED_assistant_20251210_151753.log
2025-12-10 15:17:53,385 - INFO - Skip loading/chunking because DB already exists at ../chroma_db
2025-12-10 15:17:53,410 - INFO - Load pretrained SentenceTransformer: BAAI/bge-m3
2025-12-10 15:17:58,041 - INFO - 🧪 Starting experiment with config: {'chunk_size': 3000, 'chunk_overlap': 500, 'top_k': 4, 'temperature': 0.2, 'relevance_threshold': 0.55, 'sigmoid_midpoint': 0.45, 'sigmoid_steepness': 14}
2025-12-10 15:17:58,042 - INFO - 🔍 Processing query: What are the key degradation mechanisms of a blue ...
2025-12-10 15:18:22,631 - INFO - HTTP Request: POST http://localhost:11434/v1/chat/completions "HTTP/1.1 200 OK"
2025-12-10 15:18:22,634 - INFO - ✅ Query completed in 24.59s | Mode: RAG | Relevance: 0.908
2025-12-10 15:18:22,636 - INFO - 🔍 Processing query: How does exciton diffusion length affect charge se...
2025-12-10 15:18:42,785 - INFO - HTTP Request: POST http://localhost:11434/v1/chat/completions "HTTP/1.1 200 OK"
2025-12-10 15:18:42,790 - INFO - ✅ Query completed in 20.15s | Mode: RAG | Relevance: 0.886
2025-12-10 15:18:42,794 - INFO - 🔍 Processing query: What are the major challenges in mass transfer pro...
2025-12-10 15:19:11,447 - INFO - HTTP Request: POST http://localhost:11434/v1/chat/completions "HTTP/1.1 200 OK"
2025-12-10 15:19:11,454 - INFO - ✅ Query completed in 28.66s | Mode: RAG | Relevance: 0.758
2025-12-10 15:19:11,457 - INFO - 🔍 Processing query: How does doping concentration affect the electron ...
2025-12-10 15:19:25,285 - INFO - HTTP Request: POST http://localhost:11434/v1/chat/completions "HTTP/1.1 200 OK"
2025-12-10 15:19:25,289 - INFO - ✅ Query completed in 13.83s | Mode: NO_ANSWER_IN_DOCS | Relevance: 0.845
2025-12-10 15:19:25,293 - INFO - 🔍 Processing query: Describe the physical principles used to reduce ae...
2025-12-10 15:19:34,741 - INFO - HTTP Request: POST http://localhost:11434/v1/chat/completions "HTTP/1.1 200 OK"
2025-12-10 15:19:34,745 - INFO - ✅ Query completed in 9.45s | Mode: NO_ANSWER_IN_DOCS | Relevance: 0.609
2025-12-10 15:19:34,749 - INFO - 🔍 Processing query: Recommend a good hiking trail near Santa Clara for...
2025-12-10 15:19:34,841 - INFO - 🚫 Low relevance rejection: 0.431
2025-12-10 15:19:34,842 - INFO - ✅ Query completed in 0.09s | Mode: OFF_TOPIC | Relevance: 0.431
2025-12-10 15:19:34,856 - INFO - 🔍 Processing query: What are the key degradation mechanisms of a blue ...
2025-12-10 15:19:55,022 - INFO - HTTP Request: POST http://localhost:11434/v1/chat/completions "HTTP/1.1 200 OK"
2025-12-10 15:19:55,026 - INFO - ✅ Query completed in 20.17s | Mode: RAG | Relevance: 0.908
2025-12-10 15:19:57,632 - INFO - HTTP Request: POST http://localhost:11434/v1/chat/completions "HTTP/1.1 200 OK"
2025-12-10 15:19:57,635 - INFO - 🔍 Processing query: How does exciton diffusion length affect charge se...
2025-12-10 15:20:14,722 - INFO - HTTP Request: POST http://localhost:11434/v1/chat/completions "HTTP/1.1 200 OK"
2025-12-10 15:20:14,726 - INFO - ✅ Query completed in 17.09s | Mode: RAG | Relevance: 0.886
2025-12-10 15:20:17,188 - INFO - HTTP Request: POST http://localhost:11434/v1/chat/completions "HTTP/1.1 200 OK"
2025-12-10 15:20:17,190 - INFO - 🔍 Processing query: What are the major challenges in mass transfer pro...
2025-12-10 15:20:29,623 - INFO - HTTP Request: POST http://localhost:11434/v1/chat/completions "HTTP/1.1 200 OK"
2025-12-10 15:20:29,626 - INFO - ✅ Query completed in 12.44s | Mode: NO_ANSWER_IN_DOCS | Relevance: 0.758
2025-12-10 15:20:29,628 - INFO - 🔍 Processing query: How does doping concentration affect the electron ...
2025-12-10 15:20:43,464 - INFO - HTTP Request: POST http://localhost:11434/v1/chat/completions "HTTP/1.1 200 OK"
2025-12-10 15:20:43,467 - INFO - ✅ Query completed in 13.84s | Mode: NO_ANSWER_IN_DOCS | Relevance: 0.845
2025-12-10 15:20:43,469 - INFO - 🔍 Processing query: Describe the physical principles used to reduce ae...
2025-12-10 15:20:52,927 - INFO - HTTP Request: POST http://localhost:11434/v1/chat/completions "HTTP/1.1 200 OK"
2025-12-10 15:20:52,930 - INFO - ✅ Query completed in 9.46s | Mode: NO_ANSWER_IN_DOCS | Relevance: 0.609
2025-12-10 15:20:52,931 - INFO - 🔍 Processing query: Recommend a good hiking trail near Santa Clara for...
2025-12-10 15:20:53,022 - INFO - 🚫 Low relevance rejection: 0.431
2025-12-10 15:20:53,023 - INFO - ✅ Query completed in 0.09s | Mode: OFF_TOPIC | Relevance: 0.431
2025-12-10 15:20:53,044 - INFO - 💾 Experiment saved to hyperparameter_experiments.csv
2025-12-10 15:20:53,044 - INFO - 📊 Summary: Avg time=16.13s, Cost=$0.0000
