2025-12-10 15:21:11,076 - INFO - 📝 Logging initialized: logs/AI_OLED_assistant_20251210_152111.log
2025-12-10 15:21:11,092 - INFO - Skip loading/chunking because DB already exists at ../chroma_db
2025-12-10 15:21:11,114 - INFO - Load pretrained SentenceTransformer: BAAI/bge-m3
2025-12-10 15:21:15,186 - INFO - 🧪 Starting experiment with config: {'chunk_size': 3000, 'chunk_overlap': 500, 'top_k': 4, 'temperature': 0.2, 'relevance_threshold': 0.55, 'sigmoid_midpoint': 0.45, 'sigmoid_steepness': 16}
2025-12-10 15:21:15,187 - INFO - 🔍 Processing query: What are the key degradation mechanisms of a blue ...
2025-12-10 15:21:38,513 - INFO - HTTP Request: POST http://localhost:11434/v1/chat/completions "HTTP/1.1 200 OK"
2025-12-10 15:21:38,519 - INFO - ✅ Query completed in 23.33s | Mode: RAG | Relevance: 0.932
2025-12-10 15:21:38,521 - INFO - 🔍 Processing query: How does exciton diffusion length affect charge se...
2025-12-10 15:21:54,254 - INFO - HTTP Request: POST http://localhost:11434/v1/chat/completions "HTTP/1.1 200 OK"
2025-12-10 15:21:54,258 - INFO - ✅ Query completed in 15.74s | Mode: RAG | Relevance: 0.913
2025-12-10 15:21:54,261 - INFO - 🔍 Processing query: What are the major challenges in mass transfer pro...
2025-12-10 15:22:23,667 - INFO - HTTP Request: POST http://localhost:11434/v1/chat/completions "HTTP/1.1 200 OK"
2025-12-10 15:22:23,672 - INFO - ✅ Query completed in 29.41s | Mode: RAG | Relevance: 0.787
2025-12-10 15:22:23,676 - INFO - 🔍 Processing query: How does doping concentration affect the electron ...
2025-12-10 15:22:37,578 - INFO - HTTP Request: POST http://localhost:11434/v1/chat/completions "HTTP/1.1 200 OK"
2025-12-10 15:22:37,581 - INFO - ✅ Query completed in 13.90s | Mode: NO_ANSWER_IN_DOCS | Relevance: 0.874
2025-12-10 15:22:37,584 - INFO - 🔍 Processing query: Describe the physical principles used to reduce ae...
2025-12-10 15:22:47,066 - INFO - HTTP Request: POST http://localhost:11434/v1/chat/completions "HTTP/1.1 200 OK"
2025-12-10 15:22:47,071 - INFO - ✅ Query completed in 9.49s | Mode: NO_ANSWER_IN_DOCS | Relevance: 0.624
2025-12-10 15:22:47,074 - INFO - 🔍 Processing query: Recommend a good hiking trail near Santa Clara for...
2025-12-10 15:22:47,173 - INFO - 🚫 Low relevance rejection: 0.421
2025-12-10 15:22:47,174 - INFO - ✅ Query completed in 0.10s | Mode: OFF_TOPIC | Relevance: 0.421
2025-12-10 15:22:47,187 - INFO - 🔍 Processing query: What are the key degradation mechanisms of a blue ...
2025-12-10 15:23:07,615 - INFO - HTTP Request: POST http://localhost:11434/v1/chat/completions "HTTP/1.1 200 OK"
2025-12-10 15:23:07,619 - INFO - ✅ Query completed in 20.43s | Mode: RAG | Relevance: 0.932
2025-12-10 15:23:10,313 - INFO - HTTP Request: POST http://localhost:11434/v1/chat/completions "HTTP/1.1 200 OK"
2025-12-10 15:23:10,316 - INFO - 🔍 Processing query: How does exciton diffusion length affect charge se...
2025-12-10 15:23:32,412 - INFO - HTTP Request: POST http://localhost:11434/v1/chat/completions "HTTP/1.1 200 OK"
2025-12-10 15:23:32,415 - INFO - ✅ Query completed in 22.10s | Mode: RAG | Relevance: 0.913
2025-12-10 15:23:35,393 - INFO - HTTP Request: POST http://localhost:11434/v1/chat/completions "HTTP/1.1 200 OK"
2025-12-10 15:23:35,395 - INFO - 🔍 Processing query: What are the major challenges in mass transfer pro...
2025-12-10 15:23:47,929 - INFO - HTTP Request: POST http://localhost:11434/v1/chat/completions "HTTP/1.1 200 OK"
2025-12-10 15:23:47,930 - INFO - ✅ Query completed in 12.53s | Mode: NO_ANSWER_IN_DOCS | Relevance: 0.787
2025-12-10 15:23:47,930 - INFO - 🔍 Processing query: How does doping concentration affect the electron ...
2025-12-10 15:24:01,825 - INFO - HTTP Request: POST http://localhost:11434/v1/chat/completions "HTTP/1.1 200 OK"
2025-12-10 15:24:01,826 - INFO - ✅ Query completed in 13.90s | Mode: NO_ANSWER_IN_DOCS | Relevance: 0.874
2025-12-10 15:24:01,827 - INFO - 🔍 Processing query: Describe the physical principles used to reduce ae...
2025-12-10 15:24:11,322 - INFO - HTTP Request: POST http://localhost:11434/v1/chat/completions "HTTP/1.1 200 OK"
2025-12-10 15:24:11,325 - INFO - ✅ Query completed in 9.50s | Mode: NO_ANSWER_IN_DOCS | Relevance: 0.624
2025-12-10 15:24:11,326 - INFO - 🔍 Processing query: Recommend a good hiking trail near Santa Clara for...
2025-12-10 15:24:11,432 - INFO - 🚫 Low relevance rejection: 0.421
2025-12-10 15:24:11,433 - INFO - ✅ Query completed in 0.11s | Mode: OFF_TOPIC | Relevance: 0.421
2025-12-10 15:24:11,452 - INFO - 💾 Experiment saved to hyperparameter_experiments.csv
2025-12-10 15:24:11,452 - INFO - 📊 Summary: Avg time=15.33s, Cost=$0.0000
