2025-12-10 16:15:47,408 - INFO - 📝 Logging initialized: logs/AI_OLED_assistant_20251210_161547.log
2025-12-10 16:15:47,440 - INFO - Skip loading/chunking because DB already exists at ../chroma_db
2025-12-10 16:15:47,450 - INFO - Load pretrained SentenceTransformer: BAAI/bge-m3
2025-12-10 16:15:51,465 - INFO - 🧪 Starting experiment with config: {'chunk_size': 3000, 'chunk_overlap': 500, 'top_k': 4, 'temperature': 0.2, 'relevance_threshold': 0.55, 'sigmoid_midpoint': 0.5, 'sigmoid_steepness': 18}
2025-12-10 16:15:51,466 - INFO - 🔍 Processing query: What are the key degradation mechanisms of a blue ...
2025-12-10 16:16:16,534 - INFO - HTTP Request: POST http://localhost:11434/v1/chat/completions "HTTP/1.1 200 OK"
2025-12-10 16:16:16,539 - INFO - ✅ Query completed in 25.07s | Mode: RAG | Relevance: 0.885
2025-12-10 16:16:16,542 - INFO - 🔍 Processing query: How does exciton diffusion length affect charge se...
2025-12-10 16:16:39,111 - INFO - HTTP Request: POST http://localhost:11434/v1/chat/completions "HTTP/1.1 200 OK"
2025-12-10 16:16:39,115 - INFO - ✅ Query completed in 22.57s | Mode: RAG | Relevance: 0.851
2025-12-10 16:16:39,119 - INFO - 🔍 Processing query: What are the major challenges in mass transfer pro...
2025-12-10 16:17:06,162 - INFO - HTTP Request: POST http://localhost:11434/v1/chat/completions "HTTP/1.1 200 OK"
2025-12-10 16:17:06,164 - INFO - ✅ Query completed in 27.04s | Mode: RAG | Relevance: 0.638
2025-12-10 16:17:06,165 - INFO - 🔍 Processing query: How does doping concentration affect the electron ...
2025-12-10 16:17:19,997 - INFO - HTTP Request: POST http://localhost:11434/v1/chat/completions "HTTP/1.1 200 OK"
2025-12-10 16:17:20,001 - INFO - ✅ Query completed in 13.83s | Mode: NO_ANSWER_IN_DOCS | Relevance: 0.782
2025-12-10 16:17:20,005 - INFO - 🔍 Processing query: Describe the physical principles used to reduce ae...
2025-12-10 16:17:20,102 - INFO - 🚫 Low relevance rejection: 0.419
2025-12-10 16:17:20,102 - INFO - ✅ Query completed in 0.10s | Mode: OFF_TOPIC | Relevance: 0.419
2025-12-10 16:17:20,103 - INFO - 🔍 Processing query: Recommend a good hiking trail near Santa Clara for...
2025-12-10 16:17:20,158 - INFO - 🚫 Low relevance rejection: 0.221
2025-12-10 16:17:20,159 - INFO - ✅ Query completed in 0.06s | Mode: OFF_TOPIC | Relevance: 0.221
2025-12-10 16:17:20,176 - INFO - 🔍 Processing query: What are the key degradation mechanisms of a blue ...
2025-12-10 16:17:42,463 - INFO - HTTP Request: POST http://localhost:11434/v1/chat/completions "HTTP/1.1 200 OK"
2025-12-10 16:17:42,467 - INFO - ✅ Query completed in 22.29s | Mode: RAG | Relevance: 0.885
2025-12-10 16:17:45,342 - INFO - HTTP Request: POST http://localhost:11434/v1/chat/completions "HTTP/1.1 200 OK"
2025-12-10 16:17:45,345 - INFO - 🔍 Processing query: How does exciton diffusion length affect charge se...
2025-12-10 16:18:09,154 - INFO - HTTP Request: POST http://localhost:11434/v1/chat/completions "HTTP/1.1 200 OK"
2025-12-10 16:18:09,158 - INFO - ✅ Query completed in 23.81s | Mode: RAG | Relevance: 0.851
2025-12-10 16:18:12,341 - INFO - HTTP Request: POST http://localhost:11434/v1/chat/completions "HTTP/1.1 200 OK"
2025-12-10 16:18:12,344 - INFO - 🔍 Processing query: What are the major challenges in mass transfer pro...
2025-12-10 16:18:35,038 - INFO - HTTP Request: POST http://localhost:11434/v1/chat/completions "HTTP/1.1 200 OK"
2025-12-10 16:18:35,041 - INFO - ✅ Query completed in 22.70s | Mode: RAG | Relevance: 0.638
2025-12-10 16:18:37,868 - INFO - HTTP Request: POST http://localhost:11434/v1/chat/completions "HTTP/1.1 200 OK"
2025-12-10 16:18:37,871 - INFO - 🔍 Processing query: How does doping concentration affect the electron ...
2025-12-10 16:18:52,241 - INFO - HTTP Request: POST http://localhost:11434/v1/chat/completions "HTTP/1.1 200 OK"
2025-12-10 16:18:52,245 - INFO - ✅ Query completed in 14.37s | Mode: NO_ANSWER_IN_DOCS | Relevance: 0.782
2025-12-10 16:18:52,246 - INFO - 🔍 Processing query: Describe the physical principles used to reduce ae...
2025-12-10 16:18:52,344 - INFO - 🚫 Low relevance rejection: 0.419
2025-12-10 16:18:52,345 - INFO - ✅ Query completed in 0.10s | Mode: OFF_TOPIC | Relevance: 0.419
2025-12-10 16:18:52,345 - INFO - 🔍 Processing query: Recommend a good hiking trail near Santa Clara for...
2025-12-10 16:18:52,374 - INFO - 🚫 Low relevance rejection: 0.221
2025-12-10 16:18:52,374 - INFO - ✅ Query completed in 0.03s | Mode: OFF_TOPIC | Relevance: 0.221
2025-12-10 16:18:52,390 - INFO - 💾 Experiment saved to hyperparameter_experiments.csv
2025-12-10 16:18:52,390 - INFO - 📊 Summary: Avg time=14.78s, Cost=$0.0000
