2025-12-10 16:02:23,761 - INFO - 📝 Logging initialized: logs/AI_OLED_assistant_20251210_160223.log
2025-12-10 16:02:23,773 - INFO - Skip loading/chunking because DB already exists at ../chroma_db
2025-12-10 16:02:23,784 - INFO - Load pretrained SentenceTransformer: BAAI/bge-m3
2025-12-10 16:02:28,232 - INFO - 🧪 Starting experiment with config: {'chunk_size': 3000, 'chunk_overlap': 500, 'top_k': 4, 'temperature': 0.2, 'relevance_threshold': 0.55, 'sigmoid_midpoint': 0.5, 'sigmoid_steepness': 10}
2025-12-10 16:02:28,233 - INFO - 🔍 Processing query: What are the key degradation mechanisms of a blue ...
2025-12-10 16:02:48,807 - INFO - HTTP Request: POST http://localhost:11434/v1/chat/completions "HTTP/1.1 200 OK"
2025-12-10 16:02:48,812 - INFO - ✅ Query completed in 20.58s | Mode: RAG | Relevance: 0.757
2025-12-10 16:02:48,815 - INFO - 🔍 Processing query: How does exciton diffusion length affect charge se...
2025-12-10 16:03:07,910 - INFO - HTTP Request: POST http://localhost:11434/v1/chat/completions "HTTP/1.1 200 OK"
2025-12-10 16:03:07,912 - INFO - ✅ Query completed in 19.10s | Mode: RAG | Relevance: 0.725
2025-12-10 16:03:07,915 - INFO - 🔍 Processing query: What are the major challenges in mass transfer pro...
2025-12-10 16:03:30,108 - INFO - HTTP Request: POST http://localhost:11434/v1/chat/completions "HTTP/1.1 200 OK"
2025-12-10 16:03:30,113 - INFO - ✅ Query completed in 22.20s | Mode: RAG | Relevance: 0.578
2025-12-10 16:03:30,117 - INFO - 🔍 Processing query: How does doping concentration affect the electron ...
2025-12-10 16:03:43,976 - INFO - HTTP Request: POST http://localhost:11434/v1/chat/completions "HTTP/1.1 200 OK"
2025-12-10 16:03:43,980 - INFO - ✅ Query completed in 13.86s | Mode: NO_ANSWER_IN_DOCS | Relevance: 0.670
2025-12-10 16:03:43,985 - INFO - 🔍 Processing query: Describe the physical principles used to reduce ae...
2025-12-10 16:03:44,087 - INFO - 🚫 Low relevance rejection: 0.455
2025-12-10 16:03:44,088 - INFO - ✅ Query completed in 0.10s | Mode: OFF_TOPIC | Relevance: 0.455
2025-12-10 16:03:44,089 - INFO - 🔍 Processing query: Recommend a good hiking trail near Santa Clara for...
2025-12-10 16:03:44,117 - INFO - 🚫 Low relevance rejection: 0.332
2025-12-10 16:03:44,118 - INFO - ✅ Query completed in 0.03s | Mode: OFF_TOPIC | Relevance: 0.332
2025-12-10 16:03:44,130 - INFO - 🔍 Processing query: What are the key degradation mechanisms of a blue ...
2025-12-10 16:04:04,433 - INFO - HTTP Request: POST http://localhost:11434/v1/chat/completions "HTTP/1.1 200 OK"
2025-12-10 16:04:04,437 - INFO - ✅ Query completed in 20.31s | Mode: RAG | Relevance: 0.757
2025-12-10 16:04:07,123 - INFO - HTTP Request: POST http://localhost:11434/v1/chat/completions "HTTP/1.1 200 OK"
2025-12-10 16:04:07,128 - INFO - 🔍 Processing query: How does exciton diffusion length affect charge se...
2025-12-10 16:04:32,917 - INFO - HTTP Request: POST http://localhost:11434/v1/chat/completions "HTTP/1.1 200 OK"
2025-12-10 16:04:32,921 - INFO - ✅ Query completed in 25.79s | Mode: RAG | Relevance: 0.725
2025-12-10 16:04:36,177 - INFO - HTTP Request: POST http://localhost:11434/v1/chat/completions "HTTP/1.1 200 OK"
2025-12-10 16:04:36,179 - INFO - 🔍 Processing query: What are the major challenges in mass transfer pro...
2025-12-10 16:04:49,823 - INFO - HTTP Request: POST http://localhost:11434/v1/chat/completions "HTTP/1.1 200 OK"
2025-12-10 16:04:49,826 - INFO - ✅ Query completed in 13.65s | Mode: NO_ANSWER_IN_DOCS | Relevance: 0.578
2025-12-10 16:04:49,827 - INFO - 🔍 Processing query: How does doping concentration affect the electron ...
2025-12-10 16:05:03,670 - INFO - HTTP Request: POST http://localhost:11434/v1/chat/completions "HTTP/1.1 200 OK"
2025-12-10 16:05:03,673 - INFO - ✅ Query completed in 13.85s | Mode: NO_ANSWER_IN_DOCS | Relevance: 0.670
2025-12-10 16:05:03,674 - INFO - 🔍 Processing query: Describe the physical principles used to reduce ae...
2025-12-10 16:05:03,778 - INFO - 🚫 Low relevance rejection: 0.455
2025-12-10 16:05:03,779 - INFO - ✅ Query completed in 0.10s | Mode: OFF_TOPIC | Relevance: 0.455
2025-12-10 16:05:03,779 - INFO - 🔍 Processing query: Recommend a good hiking trail near Santa Clara for...
2025-12-10 16:05:03,806 - INFO - 🚫 Low relevance rejection: 0.332
2025-12-10 16:05:03,806 - INFO - ✅ Query completed in 0.03s | Mode: OFF_TOPIC | Relevance: 0.332
2025-12-10 16:05:03,822 - INFO - 💾 Experiment saved to hyperparameter_experiments.csv
2025-12-10 16:05:03,822 - INFO - 📊 Summary: Avg time=12.64s, Cost=$0.0000
