2025-12-10 15:33:06,336 - INFO - 📝 Logging initialized: logs/AI_OLED_assistant_20251210_153306.log
2025-12-10 15:33:06,346 - INFO - Skip loading/chunking because DB already exists at ../chroma_db
2025-12-10 15:33:06,356 - INFO - Load pretrained SentenceTransformer: BAAI/bge-m3
2025-12-10 15:33:10,790 - INFO - 🧪 Starting experiment with config: {'chunk_size': 3000, 'chunk_overlap': 500, 'top_k': 4, 'temperature': 0.2, 'relevance_threshold': 0.55, 'sigmoid_midpoint': 0.48, 'sigmoid_steepness': 8}
2025-12-10 15:33:10,791 - INFO - 🔍 Processing query: What are the key degradation mechanisms of a blue ...
2025-12-10 15:33:36,797 - INFO - HTTP Request: POST http://localhost:11434/v1/chat/completions "HTTP/1.1 200 OK"
2025-12-10 15:33:36,802 - INFO - ✅ Query completed in 26.01s | Mode: RAG | Relevance: 0.744
2025-12-10 15:33:36,804 - INFO - 🔍 Processing query: How does exciton diffusion length affect charge se...
2025-12-10 15:33:54,098 - INFO - HTTP Request: POST http://localhost:11434/v1/chat/completions "HTTP/1.1 200 OK"
2025-12-10 15:33:54,103 - INFO - ✅ Query completed in 17.30s | Mode: RAG | Relevance: 0.718
2025-12-10 15:33:54,107 - INFO - 🔍 Processing query: What are the major challenges in mass transfer pro...
2025-12-10 15:34:05,940 - INFO - HTTP Request: POST http://localhost:11434/v1/chat/completions "HTTP/1.1 200 OK"
2025-12-10 15:34:05,943 - INFO - ✅ Query completed in 11.84s | Mode: NO_ANSWER_IN_DOCS | Relevance: 0.602
2025-12-10 15:34:05,946 - INFO - 🔍 Processing query: How does doping concentration affect the electron ...
2025-12-10 15:34:19,849 - INFO - HTTP Request: POST http://localhost:11434/v1/chat/completions "HTTP/1.1 200 OK"
2025-12-10 15:34:19,852 - INFO - ✅ Query completed in 13.91s | Mode: NO_ANSWER_IN_DOCS | Relevance: 0.674
2025-12-10 15:34:19,857 - INFO - 🔍 Processing query: Describe the physical principles used to reduce ae...
2025-12-10 15:34:19,952 - INFO - 🚫 Low relevance rejection: 0.504
2025-12-10 15:34:19,953 - INFO - ✅ Query completed in 0.10s | Mode: OFF_TOPIC | Relevance: 0.504
2025-12-10 15:34:19,954 - INFO - 🔍 Processing query: Recommend a good hiking trail near Santa Clara for...
2025-12-10 15:34:19,982 - INFO - 🚫 Low relevance rejection: 0.402
2025-12-10 15:34:19,983 - INFO - ✅ Query completed in 0.03s | Mode: OFF_TOPIC | Relevance: 0.402
2025-12-10 15:34:19,993 - INFO - 🔍 Processing query: What are the key degradation mechanisms of a blue ...
2025-12-10 15:34:40,759 - INFO - HTTP Request: POST http://localhost:11434/v1/chat/completions "HTTP/1.1 200 OK"
2025-12-10 15:34:40,762 - INFO - ✅ Query completed in 20.77s | Mode: RAG | Relevance: 0.744
2025-12-10 15:34:43,472 - INFO - HTTP Request: POST http://localhost:11434/v1/chat/completions "HTTP/1.1 200 OK"
2025-12-10 15:34:43,476 - INFO - 🔍 Processing query: How does exciton diffusion length affect charge se...
2025-12-10 15:35:05,655 - INFO - HTTP Request: POST http://localhost:11434/v1/chat/completions "HTTP/1.1 200 OK"
2025-12-10 15:35:05,658 - INFO - ✅ Query completed in 22.18s | Mode: RAG | Relevance: 0.718
2025-12-10 15:35:08,686 - INFO - HTTP Request: POST http://localhost:11434/v1/chat/completions "HTTP/1.1 200 OK"
2025-12-10 15:35:08,690 - INFO - 🔍 Processing query: What are the major challenges in mass transfer pro...
2025-12-10 15:35:34,005 - INFO - HTTP Request: POST http://localhost:11434/v1/chat/completions "HTTP/1.1 200 OK"
2025-12-10 15:35:34,009 - INFO - ✅ Query completed in 25.32s | Mode: RAG | Relevance: 0.602
2025-12-10 15:35:36,986 - INFO - HTTP Request: POST http://localhost:11434/v1/chat/completions "HTTP/1.1 200 OK"
2025-12-10 15:35:36,989 - INFO - 🔍 Processing query: How does doping concentration affect the electron ...
2025-12-10 15:35:51,445 - INFO - HTTP Request: POST http://localhost:11434/v1/chat/completions "HTTP/1.1 200 OK"
2025-12-10 15:35:51,446 - INFO - ✅ Query completed in 14.46s | Mode: NO_ANSWER_IN_DOCS | Relevance: 0.674
2025-12-10 15:35:51,446 - INFO - 🔍 Processing query: Describe the physical principles used to reduce ae...
2025-12-10 15:35:51,527 - INFO - 🚫 Low relevance rejection: 0.504
2025-12-10 15:35:51,529 - INFO - ✅ Query completed in 0.08s | Mode: OFF_TOPIC | Relevance: 0.504
2025-12-10 15:35:51,530 - INFO - 🔍 Processing query: Recommend a good hiking trail near Santa Clara for...
2025-12-10 15:35:51,587 - INFO - 🚫 Low relevance rejection: 0.402
2025-12-10 15:35:51,589 - INFO - ✅ Query completed in 0.06s | Mode: OFF_TOPIC | Relevance: 0.402
2025-12-10 15:35:51,614 - INFO - 💾 Experiment saved to hyperparameter_experiments.csv
2025-12-10 15:35:51,615 - INFO - 📊 Summary: Avg time=11.53s, Cost=$0.0000
