2025-12-10 15:51:04,763 - INFO - 📝 Logging initialized: logs/AI_OLED_assistant_20251210_155104.log
2025-12-10 15:51:04,772 - INFO - Skip loading/chunking because DB already exists at ../chroma_db
2025-12-10 15:51:04,783 - INFO - Load pretrained SentenceTransformer: BAAI/bge-m3
2025-12-10 15:51:09,466 - INFO - 🧪 Starting experiment with config: {'chunk_size': 3000, 'chunk_overlap': 500, 'top_k': 4, 'temperature': 0.2, 'relevance_threshold': 0.55, 'sigmoid_midpoint': 0.48, 'sigmoid_steepness': 18}
2025-12-10 15:51:09,467 - INFO - 🔍 Processing query: What are the key degradation mechanisms of a blue ...
2025-12-10 15:51:28,604 - INFO - HTTP Request: POST http://localhost:11434/v1/chat/completions "HTTP/1.1 200 OK"
2025-12-10 15:51:28,610 - INFO - ✅ Query completed in 19.14s | Mode: RAG | Relevance: 0.917
2025-12-10 15:51:28,614 - INFO - 🔍 Processing query: How does exciton diffusion length affect charge se...
2025-12-10 15:51:50,763 - INFO - HTTP Request: POST http://localhost:11434/v1/chat/completions "HTTP/1.1 200 OK"
2025-12-10 15:51:50,768 - INFO - ✅ Query completed in 22.15s | Mode: RAG | Relevance: 0.891
2025-12-10 15:51:50,771 - INFO - 🔍 Processing query: What are the major challenges in mass transfer pro...
2025-12-10 15:52:18,234 - INFO - HTTP Request: POST http://localhost:11434/v1/chat/completions "HTTP/1.1 200 OK"
2025-12-10 15:52:18,239 - INFO - ✅ Query completed in 27.47s | Mode: RAG | Relevance: 0.717
2025-12-10 15:52:18,241 - INFO - 🔍 Processing query: How does doping concentration affect the electron ...
2025-12-10 15:52:32,053 - INFO - HTTP Request: POST http://localhost:11434/v1/chat/completions "HTTP/1.1 200 OK"
2025-12-10 15:52:32,056 - INFO - ✅ Query completed in 13.82s | Mode: NO_ANSWER_IN_DOCS | Relevance: 0.837
2025-12-10 15:52:32,061 - INFO - 🔍 Processing query: Describe the physical principles used to reduce ae...
2025-12-10 15:52:32,156 - INFO - 🚫 Low relevance rejection: 0.508
2025-12-10 15:52:32,178 - INFO - ✅ Query completed in 0.12s | Mode: OFF_TOPIC | Relevance: 0.508
2025-12-10 15:52:32,181 - INFO - 🔍 Processing query: Recommend a good hiking trail near Santa Clara for...
2025-12-10 15:52:32,212 - INFO - 🚫 Low relevance rejection: 0.290
2025-12-10 15:52:32,213 - INFO - ✅ Query completed in 0.03s | Mode: OFF_TOPIC | Relevance: 0.290
2025-12-10 15:52:32,224 - INFO - 🔍 Processing query: What are the key degradation mechanisms of a blue ...
2025-12-10 15:52:54,812 - INFO - HTTP Request: POST http://localhost:11434/v1/chat/completions "HTTP/1.1 200 OK"
2025-12-10 15:52:54,816 - INFO - ✅ Query completed in 22.59s | Mode: RAG | Relevance: 0.917
2025-12-10 15:52:57,692 - INFO - HTTP Request: POST http://localhost:11434/v1/chat/completions "HTTP/1.1 200 OK"
2025-12-10 15:52:57,696 - INFO - 🔍 Processing query: How does exciton diffusion length affect charge se...
2025-12-10 15:53:16,181 - INFO - HTTP Request: POST http://localhost:11434/v1/chat/completions "HTTP/1.1 200 OK"
2025-12-10 15:53:16,187 - INFO - ✅ Query completed in 18.49s | Mode: RAG | Relevance: 0.891
2025-12-10 15:53:18,756 - INFO - HTTP Request: POST http://localhost:11434/v1/chat/completions "HTTP/1.1 200 OK"
2025-12-10 15:53:18,761 - INFO - 🔍 Processing query: What are the major challenges in mass transfer pro...
2025-12-10 15:53:46,410 - INFO - HTTP Request: POST http://localhost:11434/v1/chat/completions "HTTP/1.1 200 OK"
2025-12-10 15:53:46,414 - INFO - ✅ Query completed in 27.65s | Mode: NO_ANSWER_IN_DOCS | Relevance: 0.717
2025-12-10 15:53:46,415 - INFO - 🔍 Processing query: How does doping concentration affect the electron ...
2025-12-10 15:54:00,285 - INFO - HTTP Request: POST http://localhost:11434/v1/chat/completions "HTTP/1.1 200 OK"
2025-12-10 15:54:00,287 - INFO - ✅ Query completed in 13.87s | Mode: NO_ANSWER_IN_DOCS | Relevance: 0.837
2025-12-10 15:54:00,287 - INFO - 🔍 Processing query: Describe the physical principles used to reduce ae...
2025-12-10 15:54:00,392 - INFO - 🚫 Low relevance rejection: 0.508
2025-12-10 15:54:00,393 - INFO - ✅ Query completed in 0.11s | Mode: OFF_TOPIC | Relevance: 0.508
2025-12-10 15:54:00,393 - INFO - 🔍 Processing query: Recommend a good hiking trail near Santa Clara for...
2025-12-10 15:54:00,419 - INFO - 🚫 Low relevance rejection: 0.290
2025-12-10 15:54:00,419 - INFO - ✅ Query completed in 0.03s | Mode: OFF_TOPIC | Relevance: 0.290
2025-12-10 15:54:00,442 - INFO - 💾 Experiment saved to hyperparameter_experiments.csv
2025-12-10 15:54:00,443 - INFO - 📊 Summary: Avg time=13.79s, Cost=$0.0000
