2025-12-11 01:54:23,334 - INFO - 📝 Logging initialized: logs/AI_OLED_assistant_20251211_015423.log
2025-12-11 01:54:23,351 - INFO - Skip loading/chunking because DB already exists at ../chroma_db
2025-12-11 01:54:23,366 - INFO - Load pretrained SentenceTransformer: BAAI/bge-m3
2025-12-11 01:54:27,623 - INFO - 🧪 Starting experiment with config: {'chunk_size': 3000, 'chunk_overlap': 500, 'top_k': 4, 'temperature': 0.2, 'relevance_threshold': 0.62, 'sigmoid_midpoint': 0.5, 'sigmoid_steepness': 18}
2025-12-11 01:54:27,623 - INFO - 🔍 Processing query: What are the key degradation mechanisms of a blue ...
2025-12-11 01:54:49,220 - INFO - HTTP Request: POST http://localhost:11434/v1/chat/completions "HTTP/1.1 200 OK"
2025-12-11 01:54:49,226 - INFO - ✅ Query completed in 21.60s | Mode: RAG | Relevance: 0.885
2025-12-11 01:54:49,229 - INFO - 🔍 Processing query: How does exciton diffusion length affect charge se...
2025-12-11 01:55:05,909 - INFO - HTTP Request: POST http://localhost:11434/v1/chat/completions "HTTP/1.1 200 OK"
2025-12-11 01:55:05,912 - INFO - ✅ Query completed in 16.68s | Mode: RAG | Relevance: 0.851
2025-12-11 01:55:05,914 - INFO - 🔍 Processing query: What are the major challenges in mass transfer pro...
2025-12-11 01:55:18,876 - INFO - HTTP Request: POST http://localhost:11434/v1/chat/completions "HTTP/1.1 200 OK"
2025-12-11 01:55:18,880 - INFO - ✅ Query completed in 12.97s | Mode: NO_ANSWER_IN_DOCS | Relevance: 0.638
2025-12-11 01:55:18,884 - INFO - 🔍 Processing query: How does doping concentration affect the electron ...
2025-12-11 01:55:32,739 - INFO - HTTP Request: POST http://localhost:11434/v1/chat/completions "HTTP/1.1 200 OK"
2025-12-11 01:55:32,743 - INFO - ✅ Query completed in 13.86s | Mode: NO_ANSWER_IN_DOCS | Relevance: 0.782
2025-12-11 01:55:32,747 - INFO - 🔍 Processing query: Describe the physical principles used to reduce ae...
2025-12-11 01:55:32,854 - INFO - 🚫 Low relevance rejection: 0.406
2025-12-11 01:55:32,856 - INFO - ✅ Query completed in 0.11s | Mode: OFF_TOPIC | Relevance: 0.406
2025-12-11 01:55:32,860 - INFO - 🔍 Processing query: Recommend a good hiking trail near Santa Clara for...
2025-12-11 01:55:32,898 - INFO - 🚫 Low relevance rejection: 0.221
2025-12-11 01:55:32,898 - INFO - ✅ Query completed in 0.04s | Mode: OFF_TOPIC | Relevance: 0.221
2025-12-11 01:55:32,908 - INFO - 🔍 Processing query: What are the key degradation mechanisms of a blue ...
2025-12-11 01:56:01,596 - INFO - HTTP Request: POST http://localhost:11434/v1/chat/completions "HTTP/1.1 200 OK"
2025-12-11 01:56:01,598 - INFO - ✅ Query completed in 28.69s | Mode: RAG | Relevance: 0.885
2025-12-11 01:56:05,136 - INFO - HTTP Request: POST http://localhost:11434/v1/chat/completions "HTTP/1.1 200 OK"
2025-12-11 01:56:05,139 - INFO - 🔍 Processing query: How does exciton diffusion length affect charge se...
2025-12-11 01:56:24,801 - INFO - HTTP Request: POST http://localhost:11434/v1/chat/completions "HTTP/1.1 200 OK"
2025-12-11 01:56:24,805 - INFO - ✅ Query completed in 19.67s | Mode: RAG | Relevance: 0.851
2025-12-11 01:56:27,533 - INFO - HTTP Request: POST http://localhost:11434/v1/chat/completions "HTTP/1.1 200 OK"
2025-12-11 01:56:27,536 - INFO - 🔍 Processing query: What are the major challenges in mass transfer pro...
2025-12-11 01:56:40,022 - INFO - HTTP Request: POST http://localhost:11434/v1/chat/completions "HTTP/1.1 200 OK"
2025-12-11 01:56:40,027 - INFO - ✅ Query completed in 12.49s | Mode: NO_ANSWER_IN_DOCS | Relevance: 0.638
2025-12-11 01:56:40,028 - INFO - 🔍 Processing query: How does doping concentration affect the electron ...
2025-12-11 01:56:53,892 - INFO - HTTP Request: POST http://localhost:11434/v1/chat/completions "HTTP/1.1 200 OK"
2025-12-11 01:56:53,894 - INFO - ✅ Query completed in 13.87s | Mode: NO_ANSWER_IN_DOCS | Relevance: 0.782
2025-12-11 01:56:53,895 - INFO - 🔍 Processing query: Describe the physical principles used to reduce ae...
2025-12-11 01:56:54,005 - INFO - 🚫 Low relevance rejection: 0.406
2025-12-11 01:56:54,006 - INFO - ✅ Query completed in 0.11s | Mode: OFF_TOPIC | Relevance: 0.406
2025-12-11 01:56:54,006 - INFO - 🔍 Processing query: Recommend a good hiking trail near Santa Clara for...
2025-12-11 01:56:54,033 - INFO - 🚫 Low relevance rejection: 0.221
2025-12-11 01:56:54,033 - INFO - ✅ Query completed in 0.03s | Mode: OFF_TOPIC | Relevance: 0.221
2025-12-11 01:56:54,049 - INFO - 💾 Experiment saved to hyperparameter_experiments.csv
2025-12-11 01:56:54,050 - INFO - 📊 Summary: Avg time=10.88s, Cost=$0.0000
