2025-12-11 01:36:00,219 - INFO - 📝 Logging initialized: logs/AI_OLED_assistant_20251211_013600.log
2025-12-11 01:36:05,902 - INFO - Skip loading/chunking because DB already exists at ../chroma_db
2025-12-11 01:36:07,887 - INFO - NumExpr defaulting to 12 threads.
2025-12-11 01:36:11,938 - INFO - Load pretrained SentenceTransformer: BAAI/bge-m3
2025-12-11 01:36:16,485 - INFO - Anonymized telemetry enabled. See                     https://docs.trychroma.com/telemetry for more information.
2025-12-11 01:36:17,160 - INFO - 🧪 Starting experiment with config: {'chunk_size': 3000, 'chunk_overlap': 500, 'top_k': 4, 'temperature': 0.2, 'relevance_threshold': 0.5, 'sigmoid_midpoint': 0.5, 'sigmoid_steepness': 18}
2025-12-11 01:36:17,160 - INFO - 🔍 Processing query: What are the key degradation mechanisms of a blue ...
2025-12-11 01:37:12,933 - INFO - HTTP Request: POST http://localhost:11434/v1/chat/completions "HTTP/1.1 200 OK"
2025-12-11 01:37:12,942 - INFO - ✅ Query completed in 55.78s | Mode: RAG | Relevance: 0.885
2025-12-11 01:37:12,943 - INFO - 🔍 Processing query: How does exciton diffusion length affect charge se...
2025-12-11 01:37:33,725 - INFO - HTTP Request: POST http://localhost:11434/v1/chat/completions "HTTP/1.1 200 OK"
2025-12-11 01:37:33,727 - INFO - ✅ Query completed in 20.78s | Mode: RAG | Relevance: 0.851
2025-12-11 01:37:33,728 - INFO - 🔍 Processing query: What are the major challenges in mass transfer pro...
2025-12-11 01:38:02,265 - INFO - HTTP Request: POST http://localhost:11434/v1/chat/completions "HTTP/1.1 200 OK"
2025-12-11 01:38:02,266 - INFO - ✅ Query completed in 28.54s | Mode: RAG | Relevance: 0.638
2025-12-11 01:38:02,267 - INFO - 🔍 Processing query: How does doping concentration affect the electron ...
2025-12-11 01:38:16,782 - INFO - HTTP Request: POST http://localhost:11434/v1/chat/completions "HTTP/1.1 200 OK"
2025-12-11 01:38:16,786 - INFO - ✅ Query completed in 14.52s | Mode: NO_ANSWER_IN_DOCS | Relevance: 0.782
2025-12-11 01:38:16,789 - INFO - 🔍 Processing query: Describe the physical principles used to reduce ae...
2025-12-11 01:38:16,894 - INFO - 🚫 Low relevance rejection: 0.406
2025-12-11 01:38:16,895 - INFO - ✅ Query completed in 0.11s | Mode: OFF_TOPIC | Relevance: 0.406
2025-12-11 01:38:16,896 - INFO - 🔍 Processing query: Recommend a good hiking trail near Santa Clara for...
2025-12-11 01:38:16,990 - INFO - 🚫 Low relevance rejection: 0.221
2025-12-11 01:38:16,990 - INFO - ✅ Query completed in 0.09s | Mode: OFF_TOPIC | Relevance: 0.221
2025-12-11 01:38:16,999 - INFO - 🔍 Processing query: What are the key degradation mechanisms of a blue ...
2025-12-11 01:38:40,529 - INFO - HTTP Request: POST http://localhost:11434/v1/chat/completions "HTTP/1.1 200 OK"
2025-12-11 01:38:40,530 - INFO - ✅ Query completed in 23.53s | Mode: RAG | Relevance: 0.885
2025-12-11 01:38:43,865 - INFO - HTTP Request: POST http://localhost:11434/v1/chat/completions "HTTP/1.1 200 OK"
2025-12-11 01:38:43,866 - INFO - 🔍 Processing query: How does exciton diffusion length affect charge se...
2025-12-11 01:39:00,430 - INFO - HTTP Request: POST http://localhost:11434/v1/chat/completions "HTTP/1.1 200 OK"
2025-12-11 01:39:00,430 - INFO - ✅ Query completed in 16.56s | Mode: RAG | Relevance: 0.851
2025-12-11 01:39:02,847 - INFO - HTTP Request: POST http://localhost:11434/v1/chat/completions "HTTP/1.1 200 OK"
2025-12-11 01:39:02,848 - INFO - 🔍 Processing query: What are the major challenges in mass transfer pro...
2025-12-11 01:39:29,314 - INFO - HTTP Request: POST http://localhost:11434/v1/chat/completions "HTTP/1.1 200 OK"
2025-12-11 01:39:29,318 - INFO - ✅ Query completed in 26.47s | Mode: RAG | Relevance: 0.638
2025-12-11 01:39:32,430 - INFO - HTTP Request: POST http://localhost:11434/v1/chat/completions "HTTP/1.1 200 OK"
2025-12-11 01:39:32,433 - INFO - 🔍 Processing query: How does doping concentration affect the electron ...
2025-12-11 01:39:46,845 - INFO - HTTP Request: POST http://localhost:11434/v1/chat/completions "HTTP/1.1 200 OK"
2025-12-11 01:39:46,849 - INFO - ✅ Query completed in 14.42s | Mode: NO_ANSWER_IN_DOCS | Relevance: 0.782
2025-12-11 01:39:46,850 - INFO - 🔍 Processing query: Describe the physical principles used to reduce ae...
2025-12-11 01:39:46,959 - INFO - 🚫 Low relevance rejection: 0.406
2025-12-11 01:39:46,960 - INFO - ✅ Query completed in 0.11s | Mode: OFF_TOPIC | Relevance: 0.406
2025-12-11 01:39:46,961 - INFO - 🔍 Processing query: Recommend a good hiking trail near Santa Clara for...
2025-12-11 01:39:46,994 - INFO - 🚫 Low relevance rejection: 0.221
2025-12-11 01:39:46,995 - INFO - ✅ Query completed in 0.03s | Mode: OFF_TOPIC | Relevance: 0.221
2025-12-11 01:39:47,020 - INFO - 💾 Experiment saved to hyperparameter_experiments.csv
2025-12-11 01:39:47,020 - INFO - 📊 Summary: Avg time=19.97s, Cost=$0.0000
