2025-12-11 01:44:05,475 - INFO - 📝 Logging initialized: logs/AI_OLED_assistant_20251211_014405.log
2025-12-11 01:44:05,485 - INFO - Skip loading/chunking because DB already exists at ../chroma_db
2025-12-11 01:44:05,497 - INFO - Load pretrained SentenceTransformer: BAAI/bge-m3
2025-12-11 01:44:10,503 - INFO - 🧪 Starting experiment with config: {'chunk_size': 3000, 'chunk_overlap': 500, 'top_k': 4, 'temperature': 0.2, 'relevance_threshold': 0.55, 'sigmoid_midpoint': 0.5, 'sigmoid_steepness': 18}
2025-12-11 01:44:10,504 - INFO - 🔍 Processing query: What are the key degradation mechanisms of a blue ...
2025-12-11 01:44:41,168 - INFO - HTTP Request: POST http://localhost:11434/v1/chat/completions "HTTP/1.1 200 OK"
2025-12-11 01:44:41,175 - INFO - ✅ Query completed in 30.67s | Mode: RAG | Relevance: 0.885
2025-12-11 01:44:41,178 - INFO - 🔍 Processing query: How does exciton diffusion length affect charge se...
2025-12-11 01:44:57,090 - INFO - HTTP Request: POST http://localhost:11434/v1/chat/completions "HTTP/1.1 200 OK"
2025-12-11 01:44:57,092 - INFO - ✅ Query completed in 15.91s | Mode: RAG | Relevance: 0.851
2025-12-11 01:44:57,093 - INFO - 🔍 Processing query: What are the major challenges in mass transfer pro...
2025-12-11 01:45:25,259 - INFO - HTTP Request: POST http://localhost:11434/v1/chat/completions "HTTP/1.1 200 OK"
2025-12-11 01:45:25,264 - INFO - ✅ Query completed in 28.17s | Mode: RAG | Relevance: 0.638
2025-12-11 01:45:25,268 - INFO - 🔍 Processing query: How does doping concentration affect the electron ...
2025-12-11 01:45:39,165 - INFO - HTTP Request: POST http://localhost:11434/v1/chat/completions "HTTP/1.1 200 OK"
2025-12-11 01:45:39,169 - INFO - ✅ Query completed in 13.90s | Mode: NO_ANSWER_IN_DOCS | Relevance: 0.782
2025-12-11 01:45:39,172 - INFO - 🔍 Processing query: Describe the physical principles used to reduce ae...
2025-12-11 01:45:39,278 - INFO - 🚫 Low relevance rejection: 0.406
2025-12-11 01:45:39,278 - INFO - ✅ Query completed in 0.11s | Mode: OFF_TOPIC | Relevance: 0.406
2025-12-11 01:45:39,280 - INFO - 🔍 Processing query: Recommend a good hiking trail near Santa Clara for...
2025-12-11 01:45:39,307 - INFO - 🚫 Low relevance rejection: 0.221
2025-12-11 01:45:39,307 - INFO - ✅ Query completed in 0.03s | Mode: OFF_TOPIC | Relevance: 0.221
2025-12-11 01:45:39,326 - INFO - 🔍 Processing query: What are the key degradation mechanisms of a blue ...
2025-12-11 01:46:05,305 - INFO - HTTP Request: POST http://localhost:11434/v1/chat/completions "HTTP/1.1 200 OK"
2025-12-11 01:46:05,309 - INFO - ✅ Query completed in 25.98s | Mode: RAG | Relevance: 0.885
2025-12-11 01:46:08,481 - INFO - HTTP Request: POST http://localhost:11434/v1/chat/completions "HTTP/1.1 200 OK"
2025-12-11 01:46:08,483 - INFO - 🔍 Processing query: How does exciton diffusion length affect charge se...
2025-12-11 01:46:33,481 - INFO - HTTP Request: POST http://localhost:11434/v1/chat/completions "HTTP/1.1 200 OK"
2025-12-11 01:46:33,485 - INFO - ✅ Query completed in 25.00s | Mode: RAG | Relevance: 0.851
2025-12-11 01:46:36,581 - INFO - HTTP Request: POST http://localhost:11434/v1/chat/completions "HTTP/1.1 200 OK"
2025-12-11 01:46:36,583 - INFO - 🔍 Processing query: What are the major challenges in mass transfer pro...
2025-12-11 01:47:00,619 - INFO - HTTP Request: POST http://localhost:11434/v1/chat/completions "HTTP/1.1 200 OK"
2025-12-11 01:47:00,622 - INFO - ✅ Query completed in 24.04s | Mode: RAG | Relevance: 0.638
2025-12-11 01:47:03,641 - INFO - HTTP Request: POST http://localhost:11434/v1/chat/completions "HTTP/1.1 200 OK"
2025-12-11 01:47:03,645 - INFO - 🔍 Processing query: How does doping concentration affect the electron ...
2025-12-11 01:47:18,090 - INFO - HTTP Request: POST http://localhost:11434/v1/chat/completions "HTTP/1.1 200 OK"
2025-12-11 01:47:18,093 - INFO - ✅ Query completed in 14.45s | Mode: NO_ANSWER_IN_DOCS | Relevance: 0.782
2025-12-11 01:47:18,094 - INFO - 🔍 Processing query: Describe the physical principles used to reduce ae...
2025-12-11 01:47:18,203 - INFO - 🚫 Low relevance rejection: 0.406
2025-12-11 01:47:18,203 - INFO - ✅ Query completed in 0.11s | Mode: OFF_TOPIC | Relevance: 0.406
2025-12-11 01:47:18,204 - INFO - 🔍 Processing query: Recommend a good hiking trail near Santa Clara for...
2025-12-11 01:47:18,235 - INFO - 🚫 Low relevance rejection: 0.221
2025-12-11 01:47:18,236 - INFO - ✅ Query completed in 0.03s | Mode: OFF_TOPIC | Relevance: 0.221
2025-12-11 01:47:18,267 - INFO - 💾 Experiment saved to hyperparameter_experiments.csv
2025-12-11 01:47:18,268 - INFO - 📊 Summary: Avg time=14.80s, Cost=$0.0000
